<?xml version="1.0" encoding="UTF-8"?>
<testsuite name="com.example.accessingdatarest.AccessingDataRestApplicationTests" tests="7" skipped="0" failures="0" errors="0" timestamp="2020-10-01T08:07:59" hostname="ANATALITHINK" time="4.482">
  <properties/>
  <testcase name="shouldQueryEntity()" classname="com.example.accessingdatarest.AccessingDataRestApplicationTests" time="3.904"/>
  <testcase name="shouldCreateEntity()" classname="com.example.accessingdatarest.AccessingDataRestApplicationTests" time="0.057"/>
  <testcase name="shouldUpdateEntity()" classname="com.example.accessingdatarest.AccessingDataRestApplicationTests" time="0.2"/>
  <testcase name="shouldRetrieveEntity()" classname="com.example.accessingdatarest.AccessingDataRestApplicationTests" time="0.064"/>
  <testcase name="shouldDeleteEntity()" classname="com.example.accessingdatarest.AccessingDataRestApplicationTests" time="0.071"/>
  <testcase name="shouldReturnRepositoryIndex()" classname="com.example.accessingdatarest.AccessingDataRestApplicationTests" time="0.07"/>
  <testcase name="shouldPartiallyUpdateEntity()" classname="com.example.accessingdatarest.AccessingDataRestApplicationTests" time="0.09"/>
  <system-out><![CDATA[10:07:24.524 [Test worker] DEBUG org.springframework.test.context.BootstrapUtils - Instantiating CacheAwareContextLoaderDelegate from class [org.springframework.test.context.cache.DefaultCacheAwareContextLoaderDelegate]
10:07:24.551 [Test worker] DEBUG org.springframework.test.context.BootstrapUtils - Instantiating BootstrapContext using constructor [public org.springframework.test.context.support.DefaultBootstrapContext(java.lang.Class,org.springframework.test.context.CacheAwareContextLoaderDelegate)]
10:07:24.642 [Test worker] DEBUG org.springframework.test.context.BootstrapUtils - Instantiating TestContextBootstrapper for test class [com.example.accessingdatarest.AccessingDataRestApplicationTests] from class [org.springframework.boot.test.context.SpringBootTestContextBootstrapper]
10:07:24.683 [Test worker] INFO org.springframework.boot.test.context.SpringBootTestContextBootstrapper - Neither @ContextConfiguration nor @ContextHierarchy found for test class [com.example.accessingdatarest.AccessingDataRestApplicationTests], using SpringBootContextLoader
10:07:24.697 [Test worker] DEBUG org.springframework.test.context.support.AbstractContextLoader - Did not detect default resource location for test class [com.example.accessingdatarest.AccessingDataRestApplicationTests]: class path resource [com/example/accessingdatarest/AccessingDataRestApplicationTests-context.xml] does not exist
10:07:24.698 [Test worker] DEBUG org.springframework.test.context.support.AbstractContextLoader - Did not detect default resource location for test class [com.example.accessingdatarest.AccessingDataRestApplicationTests]: class path resource [com/example/accessingdatarest/AccessingDataRestApplicationTestsContext.groovy] does not exist
10:07:24.699 [Test worker] INFO org.springframework.test.context.support.AbstractContextLoader - Could not detect default resource locations for test class [com.example.accessingdatarest.AccessingDataRestApplicationTests]: no resource found for suffixes {-context.xml, Context.groovy}.
10:07:24.707 [Test worker] INFO org.springframework.test.context.support.AnnotationConfigContextLoaderUtils - Could not detect default configuration classes for test class [com.example.accessingdatarest.AccessingDataRestApplicationTests]: AccessingDataRestApplicationTests does not declare any static, non-private, non-final, nested classes annotated with @Configuration.
10:07:24.838 [Test worker] DEBUG org.springframework.test.context.support.ActiveProfilesUtils - Could not find an 'annotation declaring class' for annotation type [org.springframework.test.context.ActiveProfiles] and class [com.example.accessingdatarest.AccessingDataRestApplicationTests]
10:07:25.098 [Test worker] DEBUG org.springframework.context.annotation.ClassPathScanningCandidateComponentProvider - Identified candidate component class: file [C:\Progetti\gs-accessing-data-rest\complete\build\classes\java\main\com\example\accessingdatarest\AccessingDataRestApplication.class]
10:07:25.122 [Test worker] INFO org.springframework.boot.test.context.SpringBootTestContextBootstrapper - Found @SpringBootConfiguration com.example.accessingdatarest.AccessingDataRestApplication for test class com.example.accessingdatarest.AccessingDataRestApplicationTests
10:07:25.386 [Test worker] DEBUG org.springframework.boot.test.context.SpringBootTestContextBootstrapper - @TestExecutionListeners is not present for class [com.example.accessingdatarest.AccessingDataRestApplicationTests]: using defaults.
10:07:25.388 [Test worker] INFO org.springframework.boot.test.context.SpringBootTestContextBootstrapper - Loaded default TestExecutionListener class names from location [META-INF/spring.factories]: [org.springframework.boot.test.autoconfigure.restdocs.RestDocsTestExecutionListener, org.springframework.boot.test.autoconfigure.web.client.MockRestServiceServerResetTestExecutionListener, org.springframework.boot.test.autoconfigure.web.servlet.MockMvcPrintOnlyOnFailureTestExecutionListener, org.springframework.boot.test.autoconfigure.web.servlet.WebDriverTestExecutionListener, org.springframework.boot.test.autoconfigure.webservices.client.MockWebServiceServerTestExecutionListener, org.springframework.boot.test.mock.mockito.MockitoTestExecutionListener, org.springframework.boot.test.mock.mockito.ResetMocksTestExecutionListener, org.springframework.test.context.web.ServletTestExecutionListener, org.springframework.test.context.support.DirtiesContextBeforeModesTestExecutionListener, org.springframework.test.context.support.DependencyInjectionTestExecutionListener, org.springframework.test.context.support.DirtiesContextTestExecutionListener, org.springframework.test.context.transaction.TransactionalTestExecutionListener, org.springframework.test.context.jdbc.SqlScriptsTestExecutionListener, org.springframework.test.context.event.EventPublishingTestExecutionListener]
10:07:25.436 [Test worker] INFO org.springframework.boot.test.context.SpringBootTestContextBootstrapper - Using TestExecutionListeners: [org.springframework.test.context.web.ServletTestExecutionListener@64984f30, org.springframework.test.context.support.DirtiesContextBeforeModesTestExecutionListener@6d9bc37b, org.springframework.boot.test.mock.mockito.MockitoTestExecutionListener@67272a2b, org.springframework.boot.test.autoconfigure.SpringBootDependencyInjectionTestExecutionListener@79178bcc, org.springframework.test.context.support.DirtiesContextTestExecutionListener@5f50ba11, org.springframework.test.context.transaction.TransactionalTestExecutionListener@6c632a9b, org.springframework.test.context.jdbc.SqlScriptsTestExecutionListener@324b334e, org.springframework.test.context.event.EventPublishingTestExecutionListener@77478720, org.springframework.boot.test.autoconfigure.restdocs.RestDocsTestExecutionListener@2d1d2beb, org.springframework.boot.test.autoconfigure.web.client.MockRestServiceServerResetTestExecutionListener@58dfeb21, org.springframework.boot.test.autoconfigure.web.servlet.MockMvcPrintOnlyOnFailureTestExecutionListener@33e56237, org.springframework.boot.test.autoconfigure.web.servlet.WebDriverTestExecutionListener@78509dec, org.springframework.boot.test.autoconfigure.webservices.client.MockWebServiceServerTestExecutionListener@3cd6b37e, org.springframework.boot.test.mock.mockito.ResetMocksTestExecutionListener@1b77d126]
10:07:25.451 [Test worker] DEBUG org.springframework.test.context.support.AbstractDirtiesContextTestExecutionListener - Before test class: context [DefaultTestContext@2b7ac2e7 testClass = AccessingDataRestApplicationTests, testInstance = [null], testMethod = [null], testException = [null], mergedContextConfiguration = [WebMergedContextConfiguration@62c7d389 testClass = AccessingDataRestApplicationTests, locations = '{}', classes = '{class com.example.accessingdatarest.AccessingDataRestApplication}', contextInitializerClasses = '[]', activeProfiles = '{}', propertySourceLocations = '{}', propertySourceProperties = '{org.springframework.boot.test.context.SpringBootTestContextBootstrapper=true}', contextCustomizers = set[org.springframework.boot.test.autoconfigure.properties.PropertyMappingContextCustomizer@4b3fa0b3, org.springframework.boot.test.autoconfigure.web.servlet.WebDriverContextCustomizerFactory$Customizer@1744f89e, [ImportsContextCustomizer@77020e3e key = [org.springframework.boot.test.autoconfigure.web.servlet.MockMvcAutoConfiguration, org.springframework.boot.test.autoconfigure.web.servlet.MockMvcWebClientAutoConfiguration, org.springframework.boot.test.autoconfigure.web.servlet.MockMvcWebDriverAutoConfiguration, org.springframework.boot.autoconfigure.security.oauth2.client.servlet.OAuth2ClientAutoConfiguration, org.springframework.boot.autoconfigure.security.oauth2.resource.servlet.OAuth2ResourceServerAutoConfiguration, org.springframework.boot.autoconfigure.security.servlet.SecurityAutoConfiguration, org.springframework.boot.autoconfigure.security.servlet.SecurityFilterAutoConfiguration, org.springframework.boot.autoconfigure.security.servlet.UserDetailsServiceAutoConfiguration, org.springframework.boot.test.autoconfigure.web.servlet.MockMvcSecurityConfiguration]], org.springframework.boot.test.context.filter.ExcludeFilterContextCustomizer@2b206773, org.springframework.boot.test.json.DuplicateJsonObjectContextCustomizerFactory$DuplicateJsonObjectContextCustomizer@3626950e, org.springframework.boot.test.mock.mockito.MockitoContextCustomizer@0, org.springframework.boot.test.web.client.TestRestTemplateContextCustomizer@46907d6, org.springframework.boot.test.context.SpringBootTestArgs@1], resourceBasePath = 'src/main/webapp', contextLoader = 'org.springframework.boot.test.context.SpringBootContextLoader', parent = [null]], attributes = map['org.springframework.test.context.web.ServletTestExecutionListener.activateListener' -> true]], class annotated with @DirtiesContext [false] with mode [null].
10:07:25.534 [Test worker] DEBUG org.springframework.test.context.support.TestPropertySourceUtils - Adding inlined properties to environment: {spring.jmx.enabled=false, org.springframework.boot.test.context.SpringBootTestContextBootstrapper=true}

  .   ____          _            __ _ _
 /\\ / ___'_ __ _ _(_)_ __  __ _ \ \ \ \
( ( )\___ | '_ | '_| | '_ \/ _` | \ \ \ \
 \\/  ___)| |_)| | | | | || (_| |  ) ) ) )
  '  |____| .__|_| |_|_| |_\__, | / / / /
 =========|_|==============|___/=/_/_/_/
 :: Spring Boot ::        (v2.3.2.RELEASE)

2020-10-01 10:07:26.747  INFO 16712 --- [    Test worker] c.e.a.AccessingDataRestApplicationTests  : Starting AccessingDataRestApplicationTests on anataliTHINK with PID 16712 (started by anatali in C:\Progetti\gs-accessing-data-rest\complete)
2020-10-01 10:07:26.754  INFO 16712 --- [    Test worker] c.e.a.AccessingDataRestApplicationTests  : No active profile set, falling back to default profiles: default
2020-10-01 10:07:29.996  INFO 16712 --- [    Test worker] .s.d.r.c.RepositoryConfigurationDelegate : Bootstrapping Spring Data JPA repositories in DEFERRED mode.
2020-10-01 10:07:30.399  INFO 16712 --- [    Test worker] .s.d.r.c.RepositoryConfigurationDelegate : Finished Spring Data repository scanning in 313ms. Found 1 JPA repository interfaces.
2020-10-01 10:07:34.594  INFO 16712 --- [    Test worker] o.s.s.concurrent.ThreadPoolTaskExecutor  : Initializing ExecutorService 'applicationTaskExecutor'
2020-10-01 10:07:34.691  INFO 16712 --- [    Test worker] com.zaxxer.hikari.HikariDataSource       : HikariPool-1 - Starting...
2020-10-01 10:07:35.635  INFO 16712 --- [    Test worker] com.zaxxer.hikari.HikariDataSource       : HikariPool-1 - Start completed.
2020-10-01 10:07:37.054  INFO 16712 --- [         task-1] o.hibernate.jpa.internal.util.LogHelper  : HHH000204: Processing PersistenceUnitInfo [name: default]
2020-10-01 10:07:38.171  INFO 16712 --- [         task-1] org.hibernate.Version                    : HHH000412: Hibernate ORM core version 5.4.18.Final
2020-10-01 10:07:39.674  INFO 16712 --- [         task-1] o.hibernate.annotations.common.Version   : HCANN000001: Hibernate Commons Annotations {5.1.0.Final}
2020-10-01 10:07:40.752  INFO 16712 --- [         task-1] org.hibernate.dialect.Dialect            : HHH000400: Using dialect: org.hibernate.dialect.H2Dialect
2020-10-01 10:07:43.706  INFO 16712 --- [         task-1] o.h.e.t.j.p.i.JtaPlatformInitiator       : HHH000490: Using JtaPlatform implementation: [org.hibernate.engine.transaction.jta.platform.internal.NoJtaPlatform]
2020-10-01 10:07:43.727  INFO 16712 --- [         task-1] j.LocalContainerEntityManagerFactoryBean : Initialized JPA EntityManagerFactory for persistence unit 'default'
2020-10-01 10:07:48.141  WARN 16712 --- [    Test worker] JpaBaseConfiguration$JpaWebConfiguration : spring.jpa.open-in-view is enabled by default. Therefore, database queries may be performed during view rendering. Explicitly configure spring.jpa.open-in-view to disable this warning
2020-10-01 10:07:57.486  INFO 16712 --- [    Test worker] o.s.b.t.m.w.SpringBootMockServletContext : Initializing Spring TestDispatcherServlet ''
2020-10-01 10:07:57.487  INFO 16712 --- [    Test worker] o.s.t.web.servlet.TestDispatcherServlet  : Initializing Servlet ''
2020-10-01 10:07:57.685  INFO 16712 --- [    Test worker] o.s.t.web.servlet.TestDispatcherServlet  : Completed initialization in 197 ms
2020-10-01 10:07:57.826  INFO 16712 --- [    Test worker] DeferredRepositoryInitializationListener : Triggering deferred initialization of Spring Data repositories…
2020-10-01 10:07:58.703  INFO 16712 --- [    Test worker] DeferredRepositoryInitializationListener : Spring Data repositories initialized!
2020-10-01 10:07:58.769  INFO 16712 --- [    Test worker] c.e.a.AccessingDataRestApplicationTests  : Started AccessingDataRestApplicationTests in 33.212 seconds (JVM running for 37.271)

MockHttpServletRequest:
      HTTP Method = GET
      Request URI = /
       Parameters = {}
          Headers = []
             Body = null
    Session Attrs = {}

Handler:
             Type = org.springframework.data.rest.webmvc.RepositoryController
           Method = org.springframework.data.rest.webmvc.RepositoryController#listRepositories()

Async:
    Async started = false
     Async result = null

Resolved Exception:
             Type = null

ModelAndView:
        View name = null
             View = null
            Model = null

FlashMap:
       Attributes = null

MockHttpServletResponse:
           Status = 200
    Error message = null
          Headers = [Vary:"Origin", "Access-Control-Request-Method", "Access-Control-Request-Headers", Content-Type:"application/hal+json"]
     Content type = application/hal+json
             Body = {
  "_links" : {
    "people" : {
      "href" : "http://localhost/people{?page,size,sort}",
      "templated" : true
    },
    "profile" : {
      "href" : "http://localhost/profile"
    }
  }
}
    Forwarded URL = null
   Redirected URL = null
          Cookies = []
]]></system-out>
  <system-err><![CDATA[]]></system-err>
</testsuite>
