<?xml version="1.0" encoding="UTF-8"?>
<testsuite name="com.example.accessingdatarest.AccessingDataRestApplicationTests" tests="7" skipped="0" failures="0" errors="0" timestamp="2020-10-02T13:50:08" hostname="NAT480S" time="1.008">
  <properties/>
  <testcase name="shouldQueryEntity()" classname="com.example.accessingdatarest.AccessingDataRestApplicationTests" time="0.792"/>
  <testcase name="shouldCreateEntity()" classname="com.example.accessingdatarest.AccessingDataRestApplicationTests" time="0.035"/>
  <testcase name="shouldUpdateEntity()" classname="com.example.accessingdatarest.AccessingDataRestApplicationTests" time="0.078"/>
  <testcase name="shouldRetrieveEntity()" classname="com.example.accessingdatarest.AccessingDataRestApplicationTests" time="0.02"/>
  <testcase name="shouldDeleteEntity()" classname="com.example.accessingdatarest.AccessingDataRestApplicationTests" time="0.029"/>
  <testcase name="shouldReturnRepositoryIndex()" classname="com.example.accessingdatarest.AccessingDataRestApplicationTests" time="0.018"/>
  <testcase name="shouldPartiallyUpdateEntity()" classname="com.example.accessingdatarest.AccessingDataRestApplicationTests" time="0.029"/>
  <system-out><![CDATA[15:50:01.937 [Test worker] DEBUG org.springframework.test.context.BootstrapUtils - Instantiating CacheAwareContextLoaderDelegate from class [org.springframework.test.context.cache.DefaultCacheAwareContextLoaderDelegate]
15:50:01.952 [Test worker] DEBUG org.springframework.test.context.BootstrapUtils - Instantiating BootstrapContext using constructor [public org.springframework.test.context.support.DefaultBootstrapContext(java.lang.Class,org.springframework.test.context.CacheAwareContextLoaderDelegate)]
15:50:01.984 [Test worker] DEBUG org.springframework.test.context.BootstrapUtils - Instantiating TestContextBootstrapper for test class [com.example.accessingdatarest.AccessingDataRestApplicationTests] from class [org.springframework.boot.test.context.SpringBootTestContextBootstrapper]
15:50:02.001 [Test worker] INFO org.springframework.boot.test.context.SpringBootTestContextBootstrapper - Neither @ContextConfiguration nor @ContextHierarchy found for test class [com.example.accessingdatarest.AccessingDataRestApplicationTests], using SpringBootContextLoader
15:50:02.007 [Test worker] DEBUG org.springframework.test.context.support.AbstractContextLoader - Did not detect default resource location for test class [com.example.accessingdatarest.AccessingDataRestApplicationTests]: class path resource [com/example/accessingdatarest/AccessingDataRestApplicationTests-context.xml] does not exist
15:50:02.007 [Test worker] DEBUG org.springframework.test.context.support.AbstractContextLoader - Did not detect default resource location for test class [com.example.accessingdatarest.AccessingDataRestApplicationTests]: class path resource [com/example/accessingdatarest/AccessingDataRestApplicationTestsContext.groovy] does not exist
15:50:02.008 [Test worker] INFO org.springframework.test.context.support.AbstractContextLoader - Could not detect default resource locations for test class [com.example.accessingdatarest.AccessingDataRestApplicationTests]: no resource found for suffixes {-context.xml, Context.groovy}.
15:50:02.009 [Test worker] INFO org.springframework.test.context.support.AnnotationConfigContextLoaderUtils - Could not detect default configuration classes for test class [com.example.accessingdatarest.AccessingDataRestApplicationTests]: AccessingDataRestApplicationTests does not declare any static, non-private, non-final, nested classes annotated with @Configuration.
15:50:02.067 [Test worker] DEBUG org.springframework.test.context.support.ActiveProfilesUtils - Could not find an 'annotation declaring class' for annotation type [org.springframework.test.context.ActiveProfiles] and class [com.example.accessingdatarest.AccessingDataRestApplicationTests]
15:50:02.134 [Test worker] DEBUG org.springframework.context.annotation.ClassPathScanningCandidateComponentProvider - Identified candidate component class: file [C:\Progetti\Evolution\natMaterial\accessing-data-rest\build\classes\java\main\com\example\accessingdatarest\AccessingDataRestApplication.class]
15:50:02.142 [Test worker] INFO org.springframework.boot.test.context.SpringBootTestContextBootstrapper - Found @SpringBootConfiguration com.example.accessingdatarest.AccessingDataRestApplication for test class com.example.accessingdatarest.AccessingDataRestApplicationTests
15:50:02.265 [Test worker] DEBUG org.springframework.boot.test.context.SpringBootTestContextBootstrapper - @TestExecutionListeners is not present for class [com.example.accessingdatarest.AccessingDataRestApplicationTests]: using defaults.
15:50:02.266 [Test worker] INFO org.springframework.boot.test.context.SpringBootTestContextBootstrapper - Loaded default TestExecutionListener class names from location [META-INF/spring.factories]: [org.springframework.boot.test.autoconfigure.restdocs.RestDocsTestExecutionListener, org.springframework.boot.test.autoconfigure.web.client.MockRestServiceServerResetTestExecutionListener, org.springframework.boot.test.autoconfigure.web.servlet.MockMvcPrintOnlyOnFailureTestExecutionListener, org.springframework.boot.test.autoconfigure.web.servlet.WebDriverTestExecutionListener, org.springframework.boot.test.autoconfigure.webservices.client.MockWebServiceServerTestExecutionListener, org.springframework.boot.test.mock.mockito.MockitoTestExecutionListener, org.springframework.boot.test.mock.mockito.ResetMocksTestExecutionListener, org.springframework.test.context.web.ServletTestExecutionListener, org.springframework.test.context.support.DirtiesContextBeforeModesTestExecutionListener, org.springframework.test.context.support.DependencyInjectionTestExecutionListener, org.springframework.test.context.support.DirtiesContextTestExecutionListener, org.springframework.test.context.transaction.TransactionalTestExecutionListener, org.springframework.test.context.jdbc.SqlScriptsTestExecutionListener, org.springframework.test.context.event.EventPublishingTestExecutionListener]
15:50:02.288 [Test worker] INFO org.springframework.boot.test.context.SpringBootTestContextBootstrapper - Using TestExecutionListeners: [org.springframework.test.context.web.ServletTestExecutionListener@5a390ef4, org.springframework.test.context.support.DirtiesContextBeforeModesTestExecutionListener@4fd12bea, org.springframework.boot.test.mock.mockito.MockitoTestExecutionListener@24a28bd4, org.springframework.boot.test.autoconfigure.SpringBootDependencyInjectionTestExecutionListener@29b0394c, org.springframework.test.context.support.DirtiesContextTestExecutionListener@3beccc20, org.springframework.test.context.transaction.TransactionalTestExecutionListener@7d242ecc, org.springframework.test.context.jdbc.SqlScriptsTestExecutionListener@4de8e697, org.springframework.test.context.event.EventPublishingTestExecutionListener@65badc3f, org.springframework.boot.test.autoconfigure.restdocs.RestDocsTestExecutionListener@38ea8164, org.springframework.boot.test.autoconfigure.web.client.MockRestServiceServerResetTestExecutionListener@64649afb, org.springframework.boot.test.autoconfigure.web.servlet.MockMvcPrintOnlyOnFailureTestExecutionListener@6e3204be, org.springframework.boot.test.autoconfigure.web.servlet.WebDriverTestExecutionListener@5d5a7663, org.springframework.boot.test.autoconfigure.webservices.client.MockWebServiceServerTestExecutionListener@31d73d0d, org.springframework.boot.test.mock.mockito.ResetMocksTestExecutionListener@71a4ca8e]
15:50:02.292 [Test worker] DEBUG org.springframework.test.context.support.AbstractDirtiesContextTestExecutionListener - Before test class: context [DefaultTestContext@14c769db testClass = AccessingDataRestApplicationTests, testInstance = [null], testMethod = [null], testException = [null], mergedContextConfiguration = [WebMergedContextConfiguration@55845910 testClass = AccessingDataRestApplicationTests, locations = '{}', classes = '{class com.example.accessingdatarest.AccessingDataRestApplication}', contextInitializerClasses = '[]', activeProfiles = '{}', propertySourceLocations = '{}', propertySourceProperties = '{org.springframework.boot.test.context.SpringBootTestContextBootstrapper=true}', contextCustomizers = set[org.springframework.boot.test.autoconfigure.properties.PropertyMappingContextCustomizer@4b3fa0b3, org.springframework.boot.test.autoconfigure.web.servlet.WebDriverContextCustomizerFactory$Customizer@2d4dd2dd, [ImportsContextCustomizer@70fdc520 key = [org.springframework.boot.test.autoconfigure.web.servlet.MockMvcAutoConfiguration, org.springframework.boot.test.autoconfigure.web.servlet.MockMvcWebClientAutoConfiguration, org.springframework.boot.test.autoconfigure.web.servlet.MockMvcWebDriverAutoConfiguration, org.springframework.boot.autoconfigure.security.oauth2.client.servlet.OAuth2ClientAutoConfiguration, org.springframework.boot.autoconfigure.security.oauth2.resource.servlet.OAuth2ResourceServerAutoConfiguration, org.springframework.boot.autoconfigure.security.servlet.SecurityAutoConfiguration, org.springframework.boot.autoconfigure.security.servlet.SecurityFilterAutoConfiguration, org.springframework.boot.autoconfigure.security.servlet.UserDetailsServiceAutoConfiguration, org.springframework.boot.test.autoconfigure.web.servlet.MockMvcSecurityConfiguration]], org.springframework.boot.test.context.filter.ExcludeFilterContextCustomizer@30d01bc7, org.springframework.boot.test.json.DuplicateJsonObjectContextCustomizerFactory$DuplicateJsonObjectContextCustomizer@28b46d25, org.springframework.boot.test.mock.mockito.MockitoContextCustomizer@0, org.springframework.boot.test.web.client.TestRestTemplateContextCustomizer@4bdd31a, org.springframework.boot.test.context.SpringBootTestArgs@1], resourceBasePath = 'src/main/webapp', contextLoader = 'org.springframework.boot.test.context.SpringBootContextLoader', parent = [null]], attributes = map['org.springframework.test.context.web.ServletTestExecutionListener.activateListener' -> true]], class annotated with @DirtiesContext [false] with mode [null].
15:50:02.321 [Test worker] DEBUG org.springframework.test.context.support.TestPropertySourceUtils - Adding inlined properties to environment: {spring.jmx.enabled=false, org.springframework.boot.test.context.SpringBootTestContextBootstrapper=true}

  .   ____          _            __ _ _
 /\\ / ___'_ __ _ _(_)_ __  __ _ \ \ \ \
( ( )\___ | '_ | '_| | '_ \/ _` | \ \ \ \
 \\/  ___)| |_)| | | | | || (_| |  ) ) ) )
  '  |____| .__|_| |_|_| |_\__, | / / / /
 =========|_|==============|___/=/_/_/_/
 :: Spring Boot ::        (v2.3.2.RELEASE)

2020-10-02 15:50:02.668  INFO 64548 --- [    Test worker] c.e.a.AccessingDataRestApplicationTests  : Starting AccessingDataRestApplicationTests on nat480s with PID 64548 (started by anatali in C:\Progetti\Evolution\natMaterial\accessing-data-rest)
2020-10-02 15:50:02.671  INFO 64548 --- [    Test worker] c.e.a.AccessingDataRestApplicationTests  : No active profile set, falling back to default profiles: default
2020-10-02 15:50:03.580  INFO 64548 --- [    Test worker] .s.d.r.c.RepositoryConfigurationDelegate : Bootstrapping Spring Data JPA repositories in DEFERRED mode.
2020-10-02 15:50:03.653  INFO 64548 --- [    Test worker] .s.d.r.c.RepositoryConfigurationDelegate : Finished Spring Data repository scanning in 63ms. Found 1 JPA repository interfaces.
2020-10-02 15:50:04.380  INFO 64548 --- [    Test worker] o.s.s.concurrent.ThreadPoolTaskExecutor  : Initializing ExecutorService 'applicationTaskExecutor'
2020-10-02 15:50:04.413  INFO 64548 --- [    Test worker] com.zaxxer.hikari.HikariDataSource       : HikariPool-1 - Starting...
2020-10-02 15:50:04.680  INFO 64548 --- [    Test worker] com.zaxxer.hikari.HikariDataSource       : HikariPool-1 - Start completed.
2020-10-02 15:50:04.766  INFO 64548 --- [         task-1] o.hibernate.jpa.internal.util.LogHelper  : HHH000204: Processing PersistenceUnitInfo [name: default]
2020-10-02 15:50:04.846  INFO 64548 --- [         task-1] org.hibernate.Version                    : HHH000412: Hibernate ORM core version 5.4.18.Final
2020-10-02 15:50:05.119  INFO 64548 --- [         task-1] o.hibernate.annotations.common.Version   : HCANN000001: Hibernate Commons Annotations {5.1.0.Final}
2020-10-02 15:50:05.339  INFO 64548 --- [         task-1] org.hibernate.dialect.Dialect            : HHH000400: Using dialect: org.hibernate.dialect.H2Dialect
2020-10-02 15:50:06.318  INFO 64548 --- [         task-1] o.h.e.t.j.p.i.JtaPlatformInitiator       : HHH000490: Using JtaPlatform implementation: [org.hibernate.engine.transaction.jta.platform.internal.NoJtaPlatform]
2020-10-02 15:50:06.334  INFO 64548 --- [         task-1] j.LocalContainerEntityManagerFactoryBean : Initialized JPA EntityManagerFactory for persistence unit 'default'
2020-10-02 15:50:07.180  WARN 64548 --- [    Test worker] JpaBaseConfiguration$JpaWebConfiguration : spring.jpa.open-in-view is enabled by default. Therefore, database queries may be performed during view rendering. Explicitly configure spring.jpa.open-in-view to disable this warning
2020-10-02 15:50:08.080  INFO 64548 --- [    Test worker] o.s.b.t.m.w.SpringBootMockServletContext : Initializing Spring TestDispatcherServlet ''
2020-10-02 15:50:08.081  INFO 64548 --- [    Test worker] o.s.t.web.servlet.TestDispatcherServlet  : Initializing Servlet ''
2020-10-02 15:50:08.097  INFO 64548 --- [    Test worker] o.s.t.web.servlet.TestDispatcherServlet  : Completed initialization in 16 ms
2020-10-02 15:50:08.110  INFO 64548 --- [    Test worker] DeferredRepositoryInitializationListener : Triggering deferred initialization of Spring Data repositories…
2020-10-02 15:50:08.493  INFO 64548 --- [    Test worker] DeferredRepositoryInitializationListener : Spring Data repositories initialized!
2020-10-02 15:50:08.504  INFO 64548 --- [    Test worker] c.e.a.AccessingDataRestApplicationTests  : Started AccessingDataRestApplicationTests in 6.172 seconds (JVM running for 8.212)

MockHttpServletRequest:
      HTTP Method = GET
      Request URI = /
       Parameters = {}
          Headers = []
             Body = null
    Session Attrs = {}

Handler:
             Type = org.springframework.data.rest.webmvc.RepositoryController
           Method = org.springframework.data.rest.webmvc.RepositoryController#listRepositories()

Async:
    Async started = false
     Async result = null

Resolved Exception:
             Type = null

ModelAndView:
        View name = null
             View = null
            Model = null

FlashMap:
       Attributes = null

MockHttpServletResponse:
           Status = 200
    Error message = null
          Headers = [Vary:"Origin", "Access-Control-Request-Method", "Access-Control-Request-Headers", Content-Type:"application/hal+json"]
     Content type = application/hal+json
             Body = {
  "_links" : {
    "people" : {
      "href" : "http://localhost/people{?page,size,sort}",
      "templated" : true
    },
    "profile" : {
      "href" : "http://localhost/profile"
    }
  }
}
    Forwarded URL = null
   Redirected URL = null
          Cookies = []
]]></system-out>
  <system-err><![CDATA[]]></system-err>
</testsuite>
